<?xml version="1.0" encoding="UTF-8"?>
<testsuite xmlns:xsi="http://www.w3.org/2001/XMLSchema-instance" xsi:noNamespaceSchemaLocation="https://maven.apache.org/surefire/maven-surefire-plugin/xsd/surefire-test-report.xsd" version="3.0.2" name="com.riwi.libros.LibrosApplicationTests" time="2.809" tests="1" errors="0" skipped="0" failures="0" flakes="0">
  <properties>
[...]
</properties>
  <testcase name="contextLoads" classname="com.riwi.libros.LibrosApplicationTests" time="0.009">
    <system-out><![CDATA[07:08:56.919 [main] INFO org.springframework.test.context.support.AnnotationConfigContextLoaderUtils -- Could not detect default configuration classes for test class [com.riwi.libros.LibrosApplicationTests]: LibrosApplicationTests does not declare any static, non-private, non-final, nested classes annotated with @Configuration.
07:08:56.975 [main] INFO org.springframework.boot.test.context.SpringBootTestContextBootstrapper -- Found @SpringBootConfiguration com.riwi.libros.LibrosApplication for test class com.riwi.libros.LibrosApplicationTests
07:08:57.053 [main] INFO org.springframework.boot.devtools.restart.RestartApplicationListener -- Restart disabled due to context in which it is running

  .   ____          _            __ _ _
 /\\ / ___'_ __ _ _(_)_ __  __ _ \ \ \ \
( ( )\___ | '_ | '_| | '_ \/ _` | \ \ \ \
 \\/  ___)| |_)| | | | | || (_| |  ) ) ) )
  '  |____| .__|_| |_|_| |_\__, | / / / /
 =========|_|==============|___/=/_/_/_/

 :: Spring Boot ::               (v3.5.14)

2026-05-19T07:08:57.215-05:00  INFO 178 --- [libros] [           main] com.riwi.libros.LibrosApplicationTests   : Starting LibrosApplicationTests using Java 21.0.10 with PID 178 (started by cohorte6 in /home/cohorte6/Desktop/SpringBoot-practicas/week2)
2026-05-19T07:08:57.216-05:00  INFO 178 --- [libros] [           main] com.riwi.libros.LibrosApplicationTests   : No active profile set, falling back to 1 default profile: "default"
2026-05-19T07:08:57.658-05:00  INFO 178 --- [libros] [           main] .s.d.r.c.RepositoryConfigurationDelegate : Bootstrapping Spring Data JPA repositories in DEFAULT mode.
2026-05-19T07:08:57.688-05:00  INFO 178 --- [libros] [           main] .s.d.r.c.RepositoryConfigurationDelegate : Finished Spring Data repository scanning in 24 ms. Found 1 JPA repository interface.
2026-05-19T07:08:57.966-05:00  INFO 178 --- [libros] [           main] o.hibernate.jpa.internal.util.LogHelper  : HHH000204: Processing PersistenceUnitInfo [name: default]
2026-05-19T07:08:57.995-05:00  INFO 178 --- [libros] [           main] org.hibernate.Version                    : HHH000412: Hibernate ORM core version 6.6.49.Final
2026-05-19T07:08:58.016-05:00  INFO 178 --- [libros] [           main] o.h.c.internal.RegionFactoryInitiator    : HHH000026: Second-level cache disabled
2026-05-19T07:08:58.119-05:00  INFO 178 --- [libros] [           main] o.s.o.j.p.SpringPersistenceUnitInfo      : No LoadTimeWeaver setup: ignoring JPA class transformer
2026-05-19T07:08:58.137-05:00  INFO 178 --- [libros] [           main] com.zaxxer.hikari.HikariDataSource       : HikariPool-1 - Starting...
2026-05-19T07:08:58.246-05:00  INFO 178 --- [libros] [           main] com.zaxxer.hikari.pool.HikariPool        : HikariPool-1 - Added connection conn0: url=jdbc:h2:mem:libros_test user=SA
2026-05-19T07:08:58.247-05:00  INFO 178 --- [libros] [           main] com.zaxxer.hikari.HikariDataSource       : HikariPool-1 - Start completed.
2026-05-19T07:08:58.282-05:00  INFO 178 --- [libros] [           main] org.hibernate.orm.connections.pooling    : HHH10001005: Database info:
	Database JDBC URL [Connecting through datasource 'HikariDataSource (HikariPool-1)']
	Database driver: undefined/unknown
	Database version: 2.3.232
	Autocommit mode: undefined/unknown
	Isolation level: undefined/unknown
	Minimum pool size: undefined/unknown
	Maximum pool size: undefined/unknown
2026-05-19T07:08:58.651-05:00  INFO 178 --- [libros] [           main] o.h.e.t.j.p.i.JtaPlatformInitiator       : HHH000489: No JTA platform available (set 'hibernate.transaction.jta.platform' to enable JTA platform integration)
Hibernate: drop table if exists libros cascade 
Hibernate: create table libros (anio_publicacion integer not null, id bigint generated by default as identity, isbn varchar(20) unique, autor varchar(100) not null, titulo varchar(150) not null, primary key (id))
2026-05-19T07:08:58.675-05:00  INFO 178 --- [libros] [           main] j.LocalContainerEntityManagerFactoryBean : Initialized JPA EntityManagerFactory for persistence unit 'default'
2026-05-19T07:08:58.982-05:00  WARN 178 --- [libros] [           main] JpaBaseConfiguration$JpaWebConfiguration : spring.jpa.open-in-view is enabled by default. Therefore, database queries may be performed during view rendering. Explicitly configure spring.jpa.open-in-view to disable this warning
2026-05-19T07:08:59.019-05:00  INFO 178 --- [libros] [           main] o.s.v.b.OptionalValidatorFactoryBean     : Failed to set up a Bean Validation provider: jakarta.validation.NoProviderFoundException: Unable to create a Configuration, because no Jakarta Bean Validation provider could be found. Add a provider like Hibernate Validator (RI) to your classpath.
2026-05-19T07:08:59.348-05:00  INFO 178 --- [libros] [           main] o.s.b.a.h2.H2ConsoleAutoConfiguration    : H2 console available at '/h2-console'. Database available at 'jdbc:h2:mem:libros_test'
2026-05-19T07:08:59.392-05:00  INFO 178 --- [libros] [           main] com.riwi.libros.LibrosApplicationTests   : Started LibrosApplicationTests in 2.344 seconds (process running for 13.753)
Hibernate: select count(*) from libros l1_0
Hibernate: insert into libros (anio_publicacion,autor,isbn,titulo,id) values (?,?,?,?,default)
Hibernate: insert into libros (anio_publicacion,autor,isbn,titulo,id) values (?,?,?,?,default)
Hibernate: insert into libros (anio_publicacion,autor,isbn,titulo,id) values (?,?,?,?,default)
Hibernate: insert into libros (anio_publicacion,autor,isbn,titulo,id) values (?,?,?,?,default)
Hibernate: insert into libros (anio_publicacion,autor,isbn,titulo,id) values (?,?,?,?,default)
Hibernate: insert into libros (anio_publicacion,autor,isbn,titulo,id) values (?,?,?,?,default)
Hibernate: insert into libros (anio_publicacion,autor,isbn,titulo,id) values (?,?,?,?,default)
Hibernate: insert into libros (anio_publicacion,autor,isbn,titulo,id) values (?,?,?,?,default)
Hibernate: insert into libros (anio_publicacion,autor,isbn,titulo,id) values (?,?,?,?,default)
Hibernate: insert into libros (anio_publicacion,autor,isbn,titulo,id) values (?,?,?,?,default)
Hibernate: insert into libros (anio_publicacion,autor,isbn,titulo,id) values (?,?,?,?,default)
Hibernate: insert into libros (anio_publicacion,autor,isbn,titulo,id) values (?,?,?,?,default)
Hibernate: insert into libros (anio_publicacion,autor,isbn,titulo,id) values (?,?,?,?,default)
Hibernate: insert into libros (anio_publicacion,autor,isbn,titulo,id) values (?,?,?,?,default)
Hibernate: insert into libros (anio_publicacion,autor,isbn,titulo,id) values (?,?,?,?,default)
Hibernate: insert into libros (anio_publicacion,autor,isbn,titulo,id) values (?,?,?,?,default)
Hibernate: insert into libros (anio_publicacion,autor,isbn,titulo,id) values (?,?,?,?,default)
Hibernate: insert into libros (anio_publicacion,autor,isbn,titulo,id) values (?,?,?,?,default)
Hibernate: insert into libros (anio_publicacion,autor,isbn,titulo,id) values (?,?,?,?,default)
Hibernate: insert into libros (anio_publicacion,autor,isbn,titulo,id) values (?,?,?,?,default)
Hibernate: insert into libros (anio_publicacion,autor,isbn,titulo,id) values (?,?,?,?,default)
Hibernate: insert into libros (anio_publicacion,autor,isbn,titulo,id) values (?,?,?,?,default)
Hibernate: insert into libros (anio_publicacion,autor,isbn,titulo,id) values (?,?,?,?,default)
Hibernate: insert into libros (anio_publicacion,autor,isbn,titulo,id) values (?,?,?,?,default)
Hibernate: insert into libros (anio_publicacion,autor,isbn,titulo,id) values (?,?,?,?,default)
Hibernate: insert into libros (anio_publicacion,autor,isbn,titulo,id) values (?,?,?,?,default)
Hibernate: insert into libros (anio_publicacion,autor,isbn,titulo,id) values (?,?,?,?,default)
Hibernate: insert into libros (anio_publicacion,autor,isbn,titulo,id) values (?,?,?,?,default)
Hibernate: insert into libros (anio_publicacion,autor,isbn,titulo,id) values (?,?,?,?,default)
Hibernate: insert into libros (anio_publicacion,autor,isbn,titulo,id) values (?,?,?,?,default)
Hibernate: insert into libros (anio_publicacion,autor,isbn,titulo,id) values (?,?,?,?,default)
Hibernate: insert into libros (anio_publicacion,autor,isbn,titulo,id) values (?,?,?,?,default)
Hibernate: insert into libros (anio_publicacion,autor,isbn,titulo,id) values (?,?,?,?,default)
Hibernate: insert into libros (anio_publicacion,autor,isbn,titulo,id) values (?,?,?,?,default)
Hibernate: insert into libros (anio_publicacion,autor,isbn,titulo,id) values (?,?,?,?,default)
Hibernate: insert into libros (anio_publicacion,autor,isbn,titulo,id) values (?,?,?,?,default)
Hibernate: insert into libros (anio_publicacion,autor,isbn,titulo,id) values (?,?,?,?,default)
Hibernate: insert into libros (anio_publicacion,autor,isbn,titulo,id) values (?,?,?,?,default)
Hibernate: insert into libros (anio_publicacion,autor,isbn,titulo,id) values (?,?,?,?,default)
Hibernate: insert into libros (anio_publicacion,autor,isbn,titulo,id) values (?,?,?,?,default)
Hibernate: insert into libros (anio_publicacion,autor,isbn,titulo,id) values (?,?,?,?,default)
Hibernate: insert into libros (anio_publicacion,autor,isbn,titulo,id) values (?,?,?,?,default)
Hibernate: insert into libros (anio_publicacion,autor,isbn,titulo,id) values (?,?,?,?,default)
Hibernate: insert into libros (anio_publicacion,autor,isbn,titulo,id) values (?,?,?,?,default)
Hibernate: insert into libros (anio_publicacion,autor,isbn,titulo,id) values (?,?,?,?,default)
Hibernate: insert into libros (anio_publicacion,autor,isbn,titulo,id) values (?,?,?,?,default)
Hibernate: insert into libros (anio_publicacion,autor,isbn,titulo,id) values (?,?,?,?,default)
Hibernate: insert into libros (anio_publicacion,autor,isbn,titulo,id) values (?,?,?,?,default)
Hibernate: insert into libros (anio_publicacion,autor,isbn,titulo,id) values (?,?,?,?,default)
Hibernate: insert into libros (anio_publicacion,autor,isbn,titulo,id) values (?,?,?,?,default)
Datos de prueba insertados.
]]></system-out>
  </testcase>
</testsuite>